# JRE version: Java(TM) SE Runtime Environment (8.0_144-b01) (build 1.8.0_144-b01)
# Java VM: Java HotSpot(TM) Client VM (25.144-b01 mixed mode windows-x86 )
Heap:
 def new generation   total 39424K, used 9845K [0x05200000, 0x07cc0000, 0x0fca0000)
  eden space 35072K,  23% used [0x05200000, 0x059e2e28, 0x07440000)
  from space 4352K,  40% used [0x07880000, 0x07a3a900, 0x07cc0000)
  to   space 4352K,   0% used [0x07440000, 0x07440000, 0x07880000)
 tenured generation   total 87424K, used 28607K [0x0fca0000, 0x15200000, 0x25200000)
   the space 87424K,  32% used [0x0fca0000, 0x1188fd28, 0x1188fe00, 0x15200000)
 Metaspace       used 18694K, capacity 19164K, committed 19200K, reserved 19840K
GC Heap History (10 events):
Event: 1.463 GC heap before
{Heap before GC invocations=1 (full 0):
 def new generation   total 39296K, used 39296K [0x05200000, 0x07ca0000, 0x0fca0000)
  eden space 34944K, 100% used [0x05200000, 0x07420000, 0x07420000)
  from space 4352K, 100% used [0x07860000, 0x07ca0000, 0x07ca0000)
  to   space 4352K,   0% used [0x07420000, 0x07420000, 0x07860000)
 tenured generation   total 87424K, used 2847K [0x0fca0000, 0x15200000, 0x25200000)
   the space 87424K,   3% used [0x0fca0000, 0x0ff67e78, 0x0ff68000, 0x15200000)
 Metaspace       used 11399K, capacity 11701K, committed 11776K, reserved 12672K
Event: 1.486 GC heap after
Heap after GC invocations=2 (full 0):
 def new generation   total 39296K, used 4352K [0x05200000, 0x07ca0000, 0x0fca0000)
  eden space 34944K,   0% used [0x05200000, 0x05200000, 0x07420000)
  from space 4352K, 100% used [0x07420000, 0x07860000, 0x07860000)
  to   space 4352K,   0% used [0x07860000, 0x07860000, 0x07ca0000)
 tenured generation   total 87424K, used 11583K [0x0fca0000, 0x15200000, 0x25200000)
   the space 87424K,  13% used [0x0fca0000, 0x107efed0, 0x107f0000, 0x15200000)
 Metaspace       used 11399K, capacity 11701K, committed 11776K, reserved 12672K
}
Event: 1.637 GC heap before
{Heap before GC invocations=2 (full 0):
 def new generation   total 39296K, used 16278K [0x05200000, 0x07ca0000, 0x0fca0000)
  eden space 34944K,  34% used [0x05200000, 0x05da5898, 0x07420000)
  from space 4352K, 100% used [0x07420000, 0x07860000, 0x07860000)
  to   space 4352K,   0% used [0x07860000, 0x07860000, 0x07ca0000)
 tenured generation   total 87424K, used 11583K [0x0fca0000, 0x15200000, 0x25200000)
   the space 87424K,  13% used [0x0fca0000, 0x107efed0, 0x107f0000, 0x15200000)
 Metaspace       used 11943K, capacity 12258K, committed 12288K, reserved 12672K
Event: 1.663 GC heap after
Heap after GC invocations=3 (full 1):
 def new generation   total 39424K, used 0K [0x05200000, 0x07cc0000, 0x0fca0000)
  eden space 35072K,   0% used [0x05200000, 0x05200000, 0x07440000)
  from space 4352K,   0% used [0x07440000, 0x07440000, 0x07880000)
  to   space 4352K,   0% used [0x07880000, 0x07880000, 0x07cc0000)
 tenured generation   total 87424K, used 16762K [0x0fca0000, 0x15200000, 0x25200000)
   the space 87424K,  19% used [0x0fca0000, 0x10cfeae8, 0x10cfec00, 0x15200000)
 Metaspace       used 11943K, capacity 12258K, committed 12288K, reserved 12672K
}
Event: 2.464 GC heap before
{Heap before GC invocations=3 (full 1):
 def new generation   total 39424K, used 35072K [0x05200000, 0x07cc0000, 0x0fca0000)
  eden space 35072K, 100% used [0x05200000, 0x07440000, 0x07440000)
  from space 4352K,   0% used [0x07440000, 0x07440000, 0x07880000)
  to   space 4352K,   0% used [0x07880000, 0x07880000, 0x07cc0000)
 tenured generation   total 87424K, used 16762K [0x0fca0000, 0x15200000, 0x25200000)
   the space 87424K,  19% used [0x0fca0000, 0x10cfeae8, 0x10cfec00, 0x15200000)
 Metaspace       used 16870K, capacity 17291K, committed 17408K, reserved 17792K
Event: 2.473 GC heap after
Heap after GC invocations=4 (full 1):
 def new generation   total 39424K, used 4352K [0x05200000, 0x07cc0000, 0x0fca0000)
  eden space 35072K,   0% used [0x05200000, 0x05200000, 0x07440000)
  from space 4352K, 100% used [0x07880000, 0x07cc0000, 0x07cc0000)
  to   space 4352K,   0% used [0x07440000, 0x07440000, 0x07880000)
 tenured generation   total 87424K, used 18620K [0x0fca0000, 0x15200000, 0x25200000)
   the space 87424K,  21% used [0x0fca0000, 0x10ecf3e0, 0x10ecf400, 0x15200000)
 Metaspace       used 16870K, capacity 17291K, committed 17408K, reserved 17792K
}
Event: 63.522 GC heap before
{Heap before GC invocations=4 (full 1):
 def new generation   total 39424K, used 39424K [0x05200000, 0x07cc0000, 0x0fca0000)
  eden space 35072K, 100% used [0x05200000, 0x07440000, 0x07440000)
  from space 4352K, 100% used [0x07880000, 0x07cc0000, 0x07cc0000)
  to   space 4352K,   0% used [0x07440000, 0x07440000, 0x07880000)
 tenured generation   total 87424K, used 18620K [0x0fca0000, 0x15200000, 0x25200000)
   the space 87424K,  21% used [0x0fca0000, 0x10ecf3e0, 0x10ecf400, 0x15200000)
 Metaspace       used 18175K, capacity 18642K, committed 18688K, reserved 18816K
Event: 63.534 GC heap after
Heap after GC invocations=5 (full 1):
 def new generation   total 39424K, used 4352K [0x05200000, 0x07cc0000, 0x0fca0000)
  eden space 35072K,   0% used [0x05200000, 0x05200000, 0x07440000)
  from space 4352K, 100% used [0x07440000, 0x07880000, 0x07880000)
  to   space 4352K,   0% used [0x07880000, 0x07880000, 0x07cc0000)
 tenured generation   total 87424K, used 24282K [0x0fca0000, 0x15200000, 0x25200000)
   the space 87424K,  27% used [0x0fca0000, 0x11456918, 0x11456a00, 0x15200000)
 Metaspace       used 18175K, capacity 18642K, committed 18688K, reserved 18816K
}
Event: 53970.473 GC heap before
{Heap before GC invocations=5 (full 1):
 def new generation   total 39424K, used 39424K [0x05200000, 0x07cc0000, 0x0fca0000)
  eden space 35072K, 100% used [0x05200000, 0x07440000, 0x07440000)
  from space 4352K, 100% used [0x07440000, 0x07880000, 0x07880000)
  to   space 4352K,   0% used [0x07880000, 0x07880000, 0x07cc0000)
 tenured generation   total 87424K, used 24282K [0x0fca0000, 0x15200000, 0x25200000)
   the space 87424K,  27% used [0x0fca0000, 0x11456918, 0x11456a00, 0x15200000)
 Metaspace       used 18694K, capacity 19164K, committed 19200K, reserved 19840K
Event: 53970.534 GC heap after
Heap after GC invocations=6 (full 1):
 def new generation   total 39424K, used 1770K [0x05200000, 0x07cc0000, 0x0fca0000)
  eden space 35072K,   0% used [0x05200000, 0x05200000, 0x07440000)
  from space 4352K,  40% used [0x07880000, 0x07a3a900, 0x07cc0000)
  to   space 4352K,   0% used [0x07440000, 0x07440000, 0x07880000)
 tenured generation   total 87424K, used 28607K [0x0fca0000, 0x15200000, 0x25200000)
   the space 87424K,  32% used [0x0fca0000, 0x1188fd28, 0x1188fe00, 0x15200000)
 Metaspace       used 18694K, capacity 19164K, committed 19200K, reserved 19840K
}

