# JRE version: Java(TM) SE Runtime Environment (8.0_144-b01) (build 1.8.0_144-b01)
# Java VM: Java HotSpot(TM) Client VM (25.144-b01 mixed mode windows-x86 )
Heap:
 def new generation   total 39424K, used 15419K [0x05200000, 0x07cc0000, 0x0fca0000)
  eden space 35072K,  43% used [0x05200000, 0x06100728, 0x07440000)
  from space 4352K,   1% used [0x07440000, 0x0744e518, 0x07880000)
  to   space 4352K,   0% used [0x07880000, 0x07880000, 0x07cc0000)
 tenured generation   total 87424K, used 23765K [0x0fca0000, 0x15200000, 0x25200000)
   the space 87424K,  27% used [0x0fca0000, 0x113d5680, 0x113d5800, 0x15200000)
 Metaspace       used 18466K, capacity 18907K, committed 19072K, reserved 19840K
GC Heap History (10 events):
Event: 56659.075 GC heap before
{Heap before GC invocations=6 (full 1):
 def new generation   total 39424K, used 35126K [0x05200000, 0x07cc0000, 0x0fca0000)
  eden space 35072K, 100% used [0x05200000, 0x07440000, 0x07440000)
  from space 4352K,   1% used [0x07880000, 0x0788d930, 0x07cc0000)
  to   space 4352K,   0% used [0x07440000, 0x07440000, 0x07880000)
 tenured generation   total 87424K, used 23765K [0x0fca0000, 0x15200000, 0x25200000)
   the space 87424K,  27% used [0x0fca0000, 0x113d5680, 0x113d5800, 0x15200000)
 Metaspace       used 18465K, capacity 18907K, committed 19072K, reserved 19840K
Event: 56659.105 GC heap after
Heap after GC invocations=7 (full 1):
 def new generation   total 39424K, used 54K [0x05200000, 0x07cc0000, 0x0fca0000)
  eden space 35072K,   0% used [0x05200000, 0x05200000, 0x07440000)
  from space 4352K,   1% used [0x07440000, 0x0744dbf0, 0x07880000)
  to   space 4352K,   0% used [0x07880000, 0x07880000, 0x07cc0000)
 tenured generation   total 87424K, used 23765K [0x0fca0000, 0x15200000, 0x25200000)
   the space 87424K,  27% used [0x0fca0000, 0x113d5680, 0x113d5800, 0x15200000)
 Metaspace       used 18465K, capacity 18907K, committed 19072K, reserved 19840K
}
Event: 102543.377 GC heap before
{Heap before GC invocations=7 (full 1):
 def new generation   total 39424K, used 35126K [0x05200000, 0x07cc0000, 0x0fca0000)
  eden space 35072K, 100% used [0x05200000, 0x07440000, 0x07440000)
  from space 4352K,   1% used [0x07440000, 0x0744dbf0, 0x07880000)
  to   space 4352K,   0% used [0x07880000, 0x07880000, 0x07cc0000)
 tenured generation   total 87424K, used 23765K [0x0fca0000, 0x15200000, 0x25200000)
   the space 87424K,  27% used [0x0fca0000, 0x113d5680, 0x113d5800, 0x15200000)
 Metaspace       used 18465K, capacity 18907K, committed 19072K, reserved 19840K
Event: 102543.434 GC heap after
Heap after GC invocations=8 (full 1):
 def new generation   total 39424K, used 73K [0x05200000, 0x07cc0000, 0x0fca0000)
  eden space 35072K,   0% used [0x05200000, 0x05200000, 0x07440000)
  from space 4352K,   1% used [0x07880000, 0x07892730, 0x07cc0000)
  to   space 4352K,   0% used [0x07440000, 0x07440000, 0x07880000)
 tenured generation   total 87424K, used 23765K [0x0fca0000, 0x15200000, 0x25200000)
   the space 87424K,  27% used [0x0fca0000, 0x113d5680, 0x113d5800, 0x15200000)
 Metaspace       used 18465K, capacity 18907K, committed 19072K, reserved 19840K
}
Event: 124074.173 GC heap before
{Heap before GC invocations=8 (full 1):
 def new generation   total 39424K, used 35145K [0x05200000, 0x07cc0000, 0x0fca0000)
  eden space 35072K, 100% used [0x05200000, 0x07440000, 0x07440000)
  from space 4352K,   1% used [0x07880000, 0x07892730, 0x07cc0000)
  to   space 4352K,   0% used [0x07440000, 0x07440000, 0x07880000)
 tenured generation   total 87424K, used 23765K [0x0fca0000, 0x15200000, 0x25200000)
   the space 87424K,  27% used [0x0fca0000, 0x113d5680, 0x113d5800, 0x15200000)
 Metaspace       used 18465K, capacity 18907K, committed 19072K, reserved 19840K
Event: 124074.210 GC heap after
Heap after GC invocations=9 (full 1):
 def new generation   total 39424K, used 64K [0x05200000, 0x07cc0000, 0x0fca0000)
  eden space 35072K,   0% used [0x05200000, 0x05200000, 0x07440000)
  from space 4352K,   1% used [0x07440000, 0x074503f0, 0x07880000)
  to   space 4352K,   0% used [0x07880000, 0x07880000, 0x07cc0000)
 tenured generation   total 87424K, used 23765K [0x0fca0000, 0x15200000, 0x25200000)
   the space 87424K,  27% used [0x0fca0000, 0x113d5680, 0x113d5800, 0x15200000)
 Metaspace       used 18465K, capacity 18907K, committed 19072K, reserved 19840K
}
Event: 145567.410 GC heap before
{Heap before GC invocations=9 (full 1):
 def new generation   total 39424K, used 35136K [0x05200000, 0x07cc0000, 0x0fca0000)
  eden space 35072K, 100% used [0x05200000, 0x07440000, 0x07440000)
  from space 4352K,   1% used [0x07440000, 0x074503f0, 0x07880000)
  to   space 4352K,   0% used [0x07880000, 0x07880000, 0x07cc0000)
 tenured generation   total 87424K, used 23765K [0x0fca0000, 0x15200000, 0x25200000)
   the space 87424K,  27% used [0x0fca0000, 0x113d5680, 0x113d5800, 0x15200000)
 Metaspace       used 18465K, capacity 18907K, committed 19072K, reserved 19840K
Event: 145567.467 GC heap after
Heap after GC invocations=10 (full 1):
 def new generation   total 39424K, used 72K [0x05200000, 0x07cc0000, 0x0fca0000)
  eden space 35072K,   0% used [0x05200000, 0x05200000, 0x07440000)
  from space 4352K,   1% used [0x07880000, 0x07892388, 0x07cc0000)
  to   space 4352K,   0% used [0x07440000, 0x07440000, 0x07880000)
 tenured generation   total 87424K, used 23765K [0x0fca0000, 0x15200000, 0x25200000)
   the space 87424K,  27% used [0x0fca0000, 0x113d5680, 0x113d5800, 0x15200000)
 Metaspace       used 18465K, capacity 18907K, committed 19072K, reserved 19840K
}
Event: 167597.995 GC heap before
{Heap before GC invocations=10 (full 1):
 def new generation   total 39424K, used 35144K [0x05200000, 0x07cc0000, 0x0fca0000)
  eden space 35072K, 100% used [0x05200000, 0x07440000, 0x07440000)
  from space 4352K,   1% used [0x07880000, 0x07892388, 0x07cc0000)
  to   space 4352K,   0% used [0x07440000, 0x07440000, 0x07880000)
 tenured generation   total 87424K, used 23765K [0x0fca0000, 0x15200000, 0x25200000)
   the space 87424K,  27% used [0x0fca0000, 0x113d5680, 0x113d5800, 0x15200000)
 Metaspace       used 18465K, capacity 18907K, committed 19072K, reserved 19840K
Event: 167598.029 GC heap after
Heap after GC invocations=11 (full 1):
 def new generation   total 39424K, used 57K [0x05200000, 0x07cc0000, 0x0fca0000)
  eden space 35072K,   0% used [0x05200000, 0x05200000, 0x07440000)
  from space 4352K,   1% used [0x07440000, 0x0744e518, 0x07880000)
  to   space 4352K,   0% used [0x07880000, 0x07880000, 0x07cc0000)
 tenured generation   total 87424K, used 23765K [0x0fca0000, 0x15200000, 0x25200000)
   the space 87424K,  27% used [0x0fca0000, 0x113d5680, 0x113d5800, 0x15200000)
 Metaspace       used 18465K, capacity 18907K, committed 19072K, reserved 19840K
}

